d:\jgs\server\server\x64\debug\vc143.pdb
d:\jgs\server\server\x64\debug\vc143.idb
d:\jgs\server\server\x64\debug\thread.obj
d:\jgs\server\server\x64\debug\csvparser.obj
d:\jgs\server\server\x64\debug\chatuser.obj
d:\jgs\server\server\x64\debug\chatserver.obj
d:\jgs\server\server\x64\debug\app.obj
d:\jgs\server\server\x64\debug\server.lib
d:\jgs\server\server\x64\debug\server.exp
d:\jgs\server\server\x64\debug\server.exe
d:\jgs\server\server\x64\debug\server.ilk
d:\jgs\server\server\x64\debug\server.pdb
d:\jgs\server\server\x64\debug\client.exp
d:\jgs\server\server\x64\debug\networklib.idb
d:\jgs\server\server\x64\debug\client.pdb
d:\jgs\server\server\x64\debug\networklib.pdb
d:\jgs\server\server\x64\debug\server.tlog\cl.command.1.tlog
d:\jgs\server\server\x64\debug\server.tlog\cl.read.1.tlog
d:\jgs\server\server\x64\debug\server.tlog\cl.write.1.tlog
d:\jgs\server\server\x64\debug\server.tlog\link.command.1.tlog
d:\jgs\server\server\x64\debug\server.tlog\link.read.1.tlog
d:\jgs\server\server\x64\debug\server.tlog\link.write.1.tlog
d:\jgs\server\server\x64\debug\server.tlog\link.write.2u.tlog
